
   Illuminate\Database\QueryException 

  SQLSTATE[HY000] [2002] php_network_getaddresses: getaddrinfo for db failed: Temporary failure in name resolution (Connection: mysql, SQL: select * from `cache` where `key` in (laravel_cache_illuminate:queue:restart))

  at vendor/laravel/framework/src/Illuminate/Database/Connection.php:822
    818▕                     $this->getName(), $query, $this->prepareBindings($bindings), $e
    819▕                 );
    820▕             }
    821▕ 
  ➜ 822▕             throw new QueryException(
    823▕                 $this->getName(), $query, $this->prepareBindings($bindings), $e
    824▕             );
    825▕         }
    826▕     }

      [2m+42 vendor frames [22m

  43  artisan:16
      Illuminate\Foundation\Application::handleCommand(Object(Symfony\Component\Console\Input\ArgvInput))


   Illuminate\Database\QueryException 

  SQLSTATE[HY000] [2002] php_network_getaddresses: getaddrinfo for db failed: Temporary failure in name resolution (Connection: mysql, SQL: select * from `cache` where `key` in (laravel_cache_illuminate:queue:restart))

  at vendor/laravel/framework/src/Illuminate/Database/Connection.php:822
    818▕                     $this->getName(), $query, $this->prepareBindings($bindings), $e
    819▕                 );
    820▕             }
    821▕ 
  ➜ 822▕             throw new QueryException(
    823▕                 $this->getName(), $query, $this->prepareBindings($bindings), $e
    824▕             );
    825▕         }
    826▕     }

      [2m+40 vendor frames [22m

  41  artisan:16
      Illuminate\Foundation\Application::handleCommand(Object(Symfony\Component\Console\Input\ArgvInput))


   Illuminate\Database\QueryException 

  SQLSTATE[HY000] [2002] php_network_getaddresses: getaddrinfo for db failed: Temporary failure in name resolution (Connection: mysql, SQL: select * from `cache` where `key` in (laravel_cache_illuminate:queue:restart))

  at vendor/laravel/framework/src/Illuminate/Database/Connection.php:822
    818▕                     $this->getName(), $query, $this->prepareBindings($bindings), $e
    819▕                 );
    820▕             }
    821▕ 
  ➜ 822▕             throw new QueryException(
    823▕                 $this->getName(), $query, $this->prepareBindings($bindings), $e
    824▕             );
    825▕         }
    826▕     }

      [2m+40 vendor frames [22m

  41  artisan:16
      Illuminate\Foundation\Application::handleCommand(Object(Symfony\Component\Console\Input\ArgvInput))


   Illuminate\Database\QueryException 

  SQLSTATE[HY000] [2002] php_network_getaddresses: getaddrinfo for db failed: Temporary failure in name resolution (Connection: mysql, SQL: select * from `cache` where `key` in (laravel_cache_illuminate:queue:restart))

  at vendor/laravel/framework/src/Illuminate/Database/Connection.php:822
    818▕                     $this->getName(), $query, $this->prepareBindings($bindings), $e
    819▕                 );
    820▕             }
    821▕ 
  ➜ 822▕             throw new QueryException(
    823▕                 $this->getName(), $query, $this->prepareBindings($bindings), $e
    824▕             );
    825▕         }
    826▕     }

      [2m+40 vendor frames [22m

  41  artisan:16
      Illuminate\Foundation\Application::handleCommand(Object(Symfony\Component\Console\Input\ArgvInput))


   Illuminate\Database\QueryException 

  SQLSTATE[HY000] [2002] php_network_getaddresses: getaddrinfo for db failed: Temporary failure in name resolution (Connection: mysql, SQL: select * from `cache` where `key` in (laravel_cache_illuminate:queue:restart))

  at vendor/laravel/framework/src/Illuminate/Database/Connection.php:822
    818▕                     $this->getName(), $query, $this->prepareBindings($bindings), $e
    819▕                 );
    820▕             }
    821▕ 
  ➜ 822▕             throw new QueryException(
    823▕                 $this->getName(), $query, $this->prepareBindings($bindings), $e
    824▕             );
    825▕         }
    826▕     }

      [2m+42 vendor frames [22m

  43  artisan:16
      Illuminate\Foundation\Application::handleCommand(Object(Symfony\Component\Console\Input\ArgvInput))


   Illuminate\Database\QueryException 

  SQLSTATE[HY000] [2002] php_network_getaddresses: getaddrinfo for db failed: Temporary failure in name resolution (Connection: mysql, SQL: select * from `cache` where `key` in (laravel_cache_illuminate:queue:restart))

  at vendor/laravel/framework/src/Illuminate/Database/Connection.php:822
    818▕                     $this->getName(), $query, $this->prepareBindings($bindings), $e
    819▕                 );
    820▕             }
    821▕ 
  ➜ 822▕             throw new QueryException(
    823▕                 $this->getName(), $query, $this->prepareBindings($bindings), $e
    824▕             );
    825▕         }
    826▕     }

      [2m+40 vendor frames [22m

  41  artisan:16
      Illuminate\Foundation\Application::handleCommand(Object(Symfony\Component\Console\Input\ArgvInput))


   Illuminate\Database\QueryException 

  SQLSTATE[HY000] [2002] php_network_getaddresses: getaddrinfo for db failed: Temporary failure in name resolution (Connection: mysql, SQL: select * from `cache` where `key` in (laravel_cache_illuminate:queue:restart))

  at vendor/laravel/framework/src/Illuminate/Database/Connection.php:822
    818▕                     $this->getName(), $query, $this->prepareBindings($bindings), $e
    819▕                 );
    820▕             }
    821▕ 
  ➜ 822▕             throw new QueryException(
    823▕                 $this->getName(), $query, $this->prepareBindings($bindings), $e
    824▕             );
    825▕         }
    826▕     }

      [2m+40 vendor frames [22m

  41  artisan:16
      Illuminate\Foundation\Application::handleCommand(Object(Symfony\Component\Console\Input\ArgvInput))


   Illuminate\Database\QueryException 

  SQLSTATE[HY000] [2002] php_network_getaddresses: getaddrinfo for db failed: Temporary failure in name resolution (Connection: mysql, SQL: select * from `cache` where `key` in (laravel_cache_illuminate:queue:restart))

  at vendor/laravel/framework/src/Illuminate/Database/Connection.php:822
    818▕                     $this->getName(), $query, $this->prepareBindings($bindings), $e
    819▕                 );
    820▕             }
    821▕ 
  ➜ 822▕             throw new QueryException(
    823▕                 $this->getName(), $query, $this->prepareBindings($bindings), $e
    824▕             );
    825▕         }
    826▕     }

      [2m+40 vendor frames [22m

  41  artisan:16
      Illuminate\Foundation\Application::handleCommand(Object(Symfony\Component\Console\Input\ArgvInput))


   Illuminate\Database\QueryException 

  SQLSTATE[HY000] [2002] php_network_getaddresses: getaddrinfo for db failed: Temporary failure in name resolution (Connection: mysql, SQL: select * from `cache` where `key` in (laravel_cache_illuminate:queue:restart))

  at vendor/laravel/framework/src/Illuminate/Database/Connection.php:822
    818▕                     $this->getName(), $query, $this->prepareBindings($bindings), $e
    819▕                 );
    820▕             }
    821▕ 
  ➜ 822▕             throw new QueryException(
    823▕                 $this->getName(), $query, $this->prepareBindings($bindings), $e
    824▕             );
    825▕         }
    826▕     }

      [2m+42 vendor frames [22m

  43  artisan:16
      Illuminate\Foundation\Application::handleCommand(Object(Symfony\Component\Console\Input\ArgvInput))


   Illuminate\Database\QueryException 

  SQLSTATE[HY000] [2002] php_network_getaddresses: getaddrinfo for db failed: Temporary failure in name resolution (Connection: mysql, SQL: select * from `cache` where `key` in (laravel_cache_illuminate:queue:restart))

  at vendor/laravel/framework/src/Illuminate/Database/Connection.php:822
    818▕                     $this->getName(), $query, $this->prepareBindings($bindings), $e
    819▕                 );
    820▕             }
    821▕ 
  ➜ 822▕             throw new QueryException(
    823▕                 $this->getName(), $query, $this->prepareBindings($bindings), $e
    824▕             );
    825▕         }
    826▕     }

      [2m+40 vendor frames [22m

  41  artisan:16
      Illuminate\Foundation\Application::handleCommand(Object(Symfony\Component\Console\Input\ArgvInput))


   Illuminate\Database\QueryException 

  SQLSTATE[HY000] [2002] php_network_getaddresses: getaddrinfo for db failed: Temporary failure in name resolution (Connection: mysql, SQL: select * from `cache` where `key` in (laravel_cache_illuminate:queue:restart))

  at vendor/laravel/framework/src/Illuminate/Database/Connection.php:822
    818▕                     $this->getName(), $query, $this->prepareBindings($bindings), $e
    819▕                 );
    820▕             }
    821▕ 
  ➜ 822▕             throw new QueryException(
    823▕                 $this->getName(), $query, $this->prepareBindings($bindings), $e
    824▕             );
    825▕         }
    826▕     }

      [2m+40 vendor frames [22m

  41  artisan:16
      Illuminate\Foundation\Application::handleCommand(Object(Symfony\Component\Console\Input\ArgvInput))


   Illuminate\Database\QueryException 

  SQLSTATE[HY000] [2002] php_network_getaddresses: getaddrinfo for db failed: Temporary failure in name resolution (Connection: mysql, SQL: select * from `cache` where `key` in (laravel_cache_illuminate:queue:restart))

  at vendor/laravel/framework/src/Illuminate/Database/Connection.php:822
    818▕                     $this->getName(), $query, $this->prepareBindings($bindings), $e
    819▕                 );
    820▕             }
    821▕ 
  ➜ 822▕             throw new QueryException(
    823▕                 $this->getName(), $query, $this->prepareBindings($bindings), $e
    824▕             );
    825▕         }
    826▕     }

      [2m+40 vendor frames [22m

  41  artisan:16
      Illuminate\Foundation\Application::handleCommand(Object(Symfony\Component\Console\Input\ArgvInput))


   Illuminate\Database\QueryException 

  SQLSTATE[HY000] [2002] php_network_getaddresses: getaddrinfo for db failed: Temporary failure in name resolution (Connection: mysql, SQL: select * from `cache` where `key` in (laravel_cache_illuminate:queue:restart))

  at vendor/laravel/framework/src/Illuminate/Database/Connection.php:822
    818▕                     $this->getName(), $query, $this->prepareBindings($bindings), $e
    819▕                 );
    820▕             }
    821▕ 
  ➜ 822▕             throw new QueryException(
    823▕                 $this->getName(), $query, $this->prepareBindings($bindings), $e
    824▕             );
    825▕         }
    826▕     }

      [2m+42 vendor frames [22m

  43  artisan:16
      Illuminate\Foundation\Application::handleCommand(Object(Symfony\Component\Console\Input\ArgvInput))


   Illuminate\Database\QueryException 

  SQLSTATE[HY000] [2002] php_network_getaddresses: getaddrinfo for db failed: Temporary failure in name resolution (Connection: mysql, SQL: select * from `cache` where `key` in (laravel_cache_illuminate:queue:restart))

  at vendor/laravel/framework/src/Illuminate/Database/Connection.php:822
    818▕                     $this->getName(), $query, $this->prepareBindings($bindings), $e
    819▕                 );
    820▕             }
    821▕ 
  ➜ 822▕             throw new QueryException(
    823▕                 $this->getName(), $query, $this->prepareBindings($bindings), $e
    824▕             );
    825▕         }
    826▕     }

      [2m+40 vendor frames [22m

  41  artisan:16
      Illuminate\Foundation\Application::handleCommand(Object(Symfony\Component\Console\Input\ArgvInput))


   Illuminate\Database\QueryException 

  SQLSTATE[HY000] [2002] php_network_getaddresses: getaddrinfo for db failed: Temporary failure in name resolution (Connection: mysql, SQL: select * from `cache` where `key` in (laravel_cache_illuminate:queue:restart))

  at vendor/laravel/framework/src/Illuminate/Database/Connection.php:822
    818▕                     $this->getName(), $query, $this->prepareBindings($bindings), $e
    819▕                 );
    820▕             }
    821▕ 
  ➜ 822▕             throw new QueryException(
    823▕                 $this->getName(), $query, $this->prepareBindings($bindings), $e
    824▕             );
    825▕         }
    826▕     }

      [2m+40 vendor frames [22m

  41  artisan:16
      Illuminate\Foundation\Application::handleCommand(Object(Symfony\Component\Console\Input\ArgvInput))


   Illuminate\Database\QueryException 

  SQLSTATE[HY000] [2002] php_network_getaddresses: getaddrinfo for db failed: Temporary failure in name resolution (Connection: mysql, SQL: select * from `cache` where `key` in (laravel_cache_illuminate:queue:restart))

  at vendor/laravel/framework/src/Illuminate/Database/Connection.php:822
    818▕                     $this->getName(), $query, $this->prepareBindings($bindings), $e
    819▕                 );
    820▕             }
    821▕ 
  ➜ 822▕             throw new QueryException(
    823▕                 $this->getName(), $query, $this->prepareBindings($bindings), $e
    824▕             );
    825▕         }
    826▕     }

      [2m+40 vendor frames [22m

  41  artisan:16
      Illuminate\Foundation\Application::handleCommand(Object(Symfony\Component\Console\Input\ArgvInput))


   Illuminate\Database\QueryException 

  SQLSTATE[HY000] [2002] Connection refused (Connection: mysql, SQL: select * from `cache` where `key` in (laravel_cache_illuminate:queue:restart))

  at vendor/laravel/framework/src/Illuminate/Database/Connection.php:822
    818▕                     $this->getName(), $query, $this->prepareBindings($bindings), $e
    819▕                 );
    820▕             }
    821▕ 
  ➜ 822▕             throw new QueryException(
    823▕                 $this->getName(), $query, $this->prepareBindings($bindings), $e
    824▕             );
    825▕         }
    826▕     }

      [2m+42 vendor frames [22m

  43  artisan:16
      Illuminate\Foundation\Application::handleCommand(Object(Symfony\Component\Console\Input\ArgvInput))


   Illuminate\Database\QueryException 

  SQLSTATE[HY000] [2002] Connection refused (Connection: mysql, SQL: select * from `cache` where `key` in (laravel_cache_illuminate:queue:restart))

  at vendor/laravel/framework/src/Illuminate/Database/Connection.php:822
    818▕                     $this->getName(), $query, $this->prepareBindings($bindings), $e
    819▕                 );
    820▕             }
    821▕ 
  ➜ 822▕             throw new QueryException(
    823▕                 $this->getName(), $query, $this->prepareBindings($bindings), $e
    824▕             );
    825▕         }
    826▕     }

      [2m+40 vendor frames [22m

  41  artisan:16
      Illuminate\Foundation\Application::handleCommand(Object(Symfony\Component\Console\Input\ArgvInput))


   Illuminate\Database\QueryException 

  SQLSTATE[HY000] [2002] Connection refused (Connection: mysql, SQL: select * from `cache` where `key` in (laravel_cache_illuminate:queue:restart))

  at vendor/laravel/framework/src/Illuminate/Database/Connection.php:822
    818▕                     $this->getName(), $query, $this->prepareBindings($bindings), $e
    819▕                 );
    820▕             }
    821▕ 
  ➜ 822▕             throw new QueryException(
    823▕                 $this->getName(), $query, $this->prepareBindings($bindings), $e
    824▕             );
    825▕         }
    826▕     }

      [2m+40 vendor frames [22m

  41  artisan:16
      Illuminate\Foundation\Application::handleCommand(Object(Symfony\Component\Console\Input\ArgvInput))


   Illuminate\Database\QueryException 

  SQLSTATE[HY000] [2002] php_network_getaddresses: getaddrinfo for db failed: Temporary failure in name resolution (Connection: mysql, SQL: select * from `cache` where `key` in (laravel_cache_illuminate:queue:restart))

  at vendor/laravel/framework/src/Illuminate/Database/Connection.php:822
    818▕                     $this->getName(), $query, $this->prepareBindings($bindings), $e
    819▕                 );
    820▕             }
    821▕ 
  ➜ 822▕             throw new QueryException(
    823▕                 $this->getName(), $query, $this->prepareBindings($bindings), $e
    824▕             );
    825▕         }
    826▕     }

      [2m+40 vendor frames [22m

  41  artisan:16
      Illuminate\Foundation\Application::handleCommand(Object(Symfony\Component\Console\Input\ArgvInput))


   Illuminate\Database\QueryException 

  SQLSTATE[HY000] [2002] php_network_getaddresses: getaddrinfo for db failed: Temporary failure in name resolution (Connection: mysql, SQL: select * from `cache` where `key` in (laravel_cache_illuminate:queue:restart))

  at vendor/laravel/framework/src/Illuminate/Database/Connection.php:822
    818▕                     $this->getName(), $query, $this->prepareBindings($bindings), $e
    819▕                 );
    820▕             }
    821▕ 
  ➜ 822▕             throw new QueryException(
    823▕                 $this->getName(), $query, $this->prepareBindings($bindings), $e
    824▕             );
    825▕         }
    826▕     }

      [2m+40 vendor frames [22m

  41  artisan:16
      Illuminate\Foundation\Application::handleCommand(Object(Symfony\Component\Console\Input\ArgvInput))


   Illuminate\Database\QueryException 

  SQLSTATE[HY000] [2002] php_network_getaddresses: getaddrinfo for db failed: Temporary failure in name resolution (Connection: mysql, SQL: select * from `cache` where `key` in (laravel_cache_illuminate:queue:restart))

  at vendor/laravel/framework/src/Illuminate/Database/Connection.php:822
    818▕                     $this->getName(), $query, $this->prepareBindings($bindings), $e
    819▕                 );
    820▕             }
    821▕ 
  ➜ 822▕             throw new QueryException(
    823▕                 $this->getName(), $query, $this->prepareBindings($bindings), $e
    824▕             );
    825▕         }
    826▕     }

      [2m+42 vendor frames [22m

  43  artisan:16
      Illuminate\Foundation\Application::handleCommand(Object(Symfony\Component\Console\Input\ArgvInput))


   Illuminate\Database\QueryException 

  SQLSTATE[HY000] [2002] php_network_getaddresses: getaddrinfo for db failed: Temporary failure in name resolution (Connection: mysql, SQL: select * from `cache` where `key` in (laravel_cache_illuminate:queue:restart))

  at vendor/laravel/framework/src/Illuminate/Database/Connection.php:822
    818▕                     $this->getName(), $query, $this->prepareBindings($bindings), $e
    819▕                 );
    820▕             }
    821▕ 
  ➜ 822▕             throw new QueryException(
    823▕                 $this->getName(), $query, $this->prepareBindings($bindings), $e
    824▕             );
    825▕         }
    826▕     }

      [2m+40 vendor frames [22m

  41  artisan:16
      Illuminate\Foundation\Application::handleCommand(Object(Symfony\Component\Console\Input\ArgvInput))


   Illuminate\Database\QueryException 

  SQLSTATE[HY000] [2002] php_network_getaddresses: getaddrinfo for db failed: Temporary failure in name resolution (Connection: mysql, SQL: select * from `cache` where `key` in (laravel_cache_illuminate:queue:restart))

  at vendor/laravel/framework/src/Illuminate/Database/Connection.php:822
    818▕                     $this->getName(), $query, $this->prepareBindings($bindings), $e
    819▕                 );
    820▕             }
    821▕ 
  ➜ 822▕             throw new QueryException(
    823▕                 $this->getName(), $query, $this->prepareBindings($bindings), $e
    824▕             );
    825▕         }
    826▕     }

      [2m+40 vendor frames [22m

  41  artisan:16
      Illuminate\Foundation\Application::handleCommand(Object(Symfony\Component\Console\Input\ArgvInput))


   Illuminate\Database\QueryException 

  SQLSTATE[HY000] [2002] php_network_getaddresses: getaddrinfo for db failed: Temporary failure in name resolution (Connection: mysql, SQL: select * from `cache` where `key` in (laravel_cache_illuminate:queue:restart))

  at vendor/laravel/framework/src/Illuminate/Database/Connection.php:822
    818▕                     $this->getName(), $query, $this->prepareBindings($bindings), $e
    819▕                 );
    820▕             }
    821▕ 
  ➜ 822▕             throw new QueryException(
    823▕                 $this->getName(), $query, $this->prepareBindings($bindings), $e
    824▕             );
    825▕         }
    826▕     }

      [2m+40 vendor frames [22m

  41  artisan:16
      Illuminate\Foundation\Application::handleCommand(Object(Symfony\Component\Console\Input\ArgvInput))


   Illuminate\Database\QueryException 

  SQLSTATE[HY000] [2002] php_network_getaddresses: getaddrinfo for db failed: Temporary failure in name resolution (Connection: mysql, SQL: select * from `cache` where `key` in (laravel_cache_illuminate:queue:restart))

  at vendor/laravel/framework/src/Illuminate/Database/Connection.php:822
    818▕                     $this->getName(), $query, $this->prepareBindings($bindings), $e
    819▕                 );
    820▕             }
    821▕ 
  ➜ 822▕             throw new QueryException(
    823▕                 $this->getName(), $query, $this->prepareBindings($bindings), $e
    824▕             );
    825▕         }
    826▕     }

      [2m+42 vendor frames [22m

  43  artisan:16
      Illuminate\Foundation\Application::handleCommand(Object(Symfony\Component\Console\Input\ArgvInput))


   Illuminate\Database\QueryException 

  SQLSTATE[HY000] [2002] php_network_getaddresses: getaddrinfo for db failed: Temporary failure in name resolution (Connection: mysql, SQL: select * from `cache` where `key` in (laravel_cache_illuminate:queue:restart))

  at vendor/laravel/framework/src/Illuminate/Database/Connection.php:822
    818▕                     $this->getName(), $query, $this->prepareBindings($bindings), $e
    819▕                 );
    820▕             }
    821▕ 
  ➜ 822▕             throw new QueryException(
    823▕                 $this->getName(), $query, $this->prepareBindings($bindings), $e
    824▕             );
    825▕         }
    826▕     }

      [2m+40 vendor frames [22m

  41  artisan:16
      Illuminate\Foundation\Application::handleCommand(Object(Symfony\Component\Console\Input\ArgvInput))


   Illuminate\Database\QueryException 

  SQLSTATE[HY000] [2002] php_network_getaddresses: getaddrinfo for db failed: Temporary failure in name resolution (Connection: mysql, SQL: select * from `cache` where `key` in (laravel_cache_illuminate:queue:restart))

  at vendor/laravel/framework/src/Illuminate/Database/Connection.php:822
    818▕                     $this->getName(), $query, $this->prepareBindings($bindings), $e
    819▕                 );
    820▕             }
    821▕ 
  ➜ 822▕             throw new QueryException(
    823▕                 $this->getName(), $query, $this->prepareBindings($bindings), $e
    824▕             );
    825▕         }
    826▕     }

      [2m+40 vendor frames [22m

  41  artisan:16
      Illuminate\Foundation\Application::handleCommand(Object(Symfony\Component\Console\Input\ArgvInput))


   Illuminate\Database\QueryException 

  SQLSTATE[HY000] [2002] php_network_getaddresses: getaddrinfo for db failed: Temporary failure in name resolution (Connection: mysql, SQL: select * from `cache` where `key` in (laravel_cache_illuminate:queue:restart))

  at vendor/laravel/framework/src/Illuminate/Database/Connection.php:822
    818▕                     $this->getName(), $query, $this->prepareBindings($bindings), $e
    819▕                 );
    820▕             }
    821▕ 
  ➜ 822▕             throw new QueryException(
    823▕                 $this->getName(), $query, $this->prepareBindings($bindings), $e
    824▕             );
    825▕         }
    826▕     }

      [2m+40 vendor frames [22m

  41  artisan:16
      Illuminate\Foundation\Application::handleCommand(Object(Symfony\Component\Console\Input\ArgvInput))


   Illuminate\Database\QueryException 

  SQLSTATE[HY000] [2002] Connection refused (Connection: mysql, SQL: select * from `cache` where `key` in (laravel_cache_illuminate:queue:restart))

  at vendor/laravel/framework/src/Illuminate/Database/Connection.php:822
    818▕                     $this->getName(), $query, $this->prepareBindings($bindings), $e
    819▕                 );
    820▕             }
    821▕ 
  ➜ 822▕             throw new QueryException(
    823▕                 $this->getName(), $query, $this->prepareBindings($bindings), $e
    824▕             );
    825▕         }
    826▕     }

      [2m+42 vendor frames [22m

  43  artisan:16
      Illuminate\Foundation\Application::handleCommand(Object(Symfony\Component\Console\Input\ArgvInput))


   Illuminate\Database\QueryException 

  SQLSTATE[HY000] [2002] php_network_getaddresses: getaddrinfo for db failed: Temporary failure in name resolution (Connection: mysql, SQL: select * from `cache` where `key` in (laravel_cache_illuminate:queue:restart))

  at vendor/laravel/framework/src/Illuminate/Database/Connection.php:822
    818▕                     $this->getName(), $query, $this->prepareBindings($bindings), $e
    819▕                 );
    820▕             }
    821▕ 
  ➜ 822▕             throw new QueryException(
    823▕                 $this->getName(), $query, $this->prepareBindings($bindings), $e
    824▕             );
    825▕         }
    826▕     }

      [2m+40 vendor frames [22m

  41  artisan:16
      Illuminate\Foundation\Application::handleCommand(Object(Symfony\Component\Console\Input\ArgvInput))


   Illuminate\Database\QueryException 

  SQLSTATE[HY000] [2002] php_network_getaddresses: getaddrinfo for db failed: Temporary failure in name resolution (Connection: mysql, SQL: select * from `cache` where `key` in (laravel_cache_illuminate:queue:restart))

  at vendor/laravel/framework/src/Illuminate/Database/Connection.php:822
    818▕                     $this->getName(), $query, $this->prepareBindings($bindings), $e
    819▕                 );
    820▕             }
    821▕ 
  ➜ 822▕             throw new QueryException(
    823▕                 $this->getName(), $query, $this->prepareBindings($bindings), $e
    824▕             );
    825▕         }
    826▕     }

      [2m+40 vendor frames [22m

  41  artisan:16
      Illuminate\Foundation\Application::handleCommand(Object(Symfony\Component\Console\Input\ArgvInput))


   Illuminate\Database\QueryException 

  SQLSTATE[HY000] [2002] php_network_getaddresses: getaddrinfo for db failed: Temporary failure in name resolution (Connection: mysql, SQL: select * from `cache` where `key` in (laravel_cache_illuminate:queue:restart))

  at vendor/laravel/framework/src/Illuminate/Database/Connection.php:822
    818▕                     $this->getName(), $query, $this->prepareBindings($bindings), $e
    819▕                 );
    820▕             }
    821▕ 
  ➜ 822▕             throw new QueryException(
    823▕                 $this->getName(), $query, $this->prepareBindings($bindings), $e
    824▕             );
    825▕         }
    826▕     }

      [2m+40 vendor frames [22m

  41  artisan:16
      Illuminate\Foundation\Application::handleCommand(Object(Symfony\Component\Console\Input\ArgvInput))


   Illuminate\Database\QueryException 

  SQLSTATE[HY000] [2002] Connection refused (Connection: mysql, SQL: select * from `cache` where `key` in (laravel_cache_illuminate:queue:restart))

  at vendor/laravel/framework/src/Illuminate/Database/Connection.php:822
    818▕                     $this->getName(), $query, $this->prepareBindings($bindings), $e
    819▕                 );
    820▕             }
    821▕ 
  ➜ 822▕             throw new QueryException(
    823▕                 $this->getName(), $query, $this->prepareBindings($bindings), $e
    824▕             );
    825▕         }
    826▕     }

      [2m+42 vendor frames [22m

  43  artisan:16
      Illuminate\Foundation\Application::handleCommand(Object(Symfony\Component\Console\Input\ArgvInput))


   Illuminate\Database\QueryException 

  SQLSTATE[HY000] [2002] Connection refused (Connection: mysql, SQL: select * from `cache` where `key` in (laravel_cache_illuminate:queue:restart))

  at vendor/laravel/framework/src/Illuminate/Database/Connection.php:822
    818▕                     $this->getName(), $query, $this->prepareBindings($bindings), $e
    819▕                 );
    820▕             }
    821▕ 
  ➜ 822▕             throw new QueryException(
    823▕                 $this->getName(), $query, $this->prepareBindings($bindings), $e
    824▕             );
    825▕         }
    826▕     }

      [2m+40 vendor frames [22m

  41  artisan:16
      Illuminate\Foundation\Application::handleCommand(Object(Symfony\Component\Console\Input\ArgvInput))


   Illuminate\Database\QueryException 

  SQLSTATE[HY000] [2002] php_network_getaddresses: getaddrinfo for db failed: Temporary failure in name resolution (Connection: mysql, SQL: select * from `cache` where `key` in (laravel_cache_illuminate:queue:restart))

  at vendor/laravel/framework/src/Illuminate/Database/Connection.php:822
    818▕                     $this->getName(), $query, $this->prepareBindings($bindings), $e
    819▕                 );
    820▕             }
    821▕ 
  ➜ 822▕             throw new QueryException(
    823▕                 $this->getName(), $query, $this->prepareBindings($bindings), $e
    824▕             );
    825▕         }
    826▕     }

      [2m+40 vendor frames [22m

  41  artisan:16
      Illuminate\Foundation\Application::handleCommand(Object(Symfony\Component\Console\Input\ArgvInput))


   Illuminate\Database\QueryException 

  SQLSTATE[HY000] [2002] php_network_getaddresses: getaddrinfo for db failed: Temporary failure in name resolution (Connection: mysql, SQL: select * from `cache` where `key` in (laravel_cache_illuminate:queue:restart))

  at vendor/laravel/framework/src/Illuminate/Database/Connection.php:822
    818▕                     $this->getName(), $query, $this->prepareBindings($bindings), $e
    819▕                 );
    820▕             }
    821▕ 
  ➜ 822▕             throw new QueryException(
    823▕                 $this->getName(), $query, $this->prepareBindings($bindings), $e
    824▕             );
    825▕         }
    826▕     }

      [2m+40 vendor frames [22m

  41  artisan:16
      Illuminate\Foundation\Application::handleCommand(Object(Symfony\Component\Console\Input\ArgvInput))


   Illuminate\Database\QueryException 

  SQLSTATE[HY000] [2002] php_network_getaddresses: getaddrinfo for db failed: Temporary failure in name resolution (Connection: mysql, SQL: select * from `cache` where `key` in (laravel_cache_illuminate:queue:restart))

  at vendor/laravel/framework/src/Illuminate/Database/Connection.php:822
    818▕                     $this->getName(), $query, $this->prepareBindings($bindings), $e
    819▕                 );
    820▕             }
    821▕ 
  ➜ 822▕             throw new QueryException(
    823▕                 $this->getName(), $query, $this->prepareBindings($bindings), $e
    824▕             );
    825▕         }
    826▕     }

      [2m+40 vendor frames [22m

  41  artisan:16
      Illuminate\Foundation\Application::handleCommand(Object(Symfony\Component\Console\Input\ArgvInput))

PHP Warning:  require(/app/vendor/autoload.php): Failed to open stream: No such file or directory in /app/artisan on line 10

Warning: require(/app/vendor/autoload.php): Failed to open stream: No such file or directory in /app/artisan on line 10
PHP Fatal error:  Uncaught Error: Failed opening required '/app/vendor/autoload.php' (include_path='.:/usr/local/lib/php') in /app/artisan:10
Stack trace:
#0 {main}
  thrown in /app/artisan on line 10

Fatal error: Uncaught Error: Failed opening required '/app/vendor/autoload.php' (include_path='.:/usr/local/lib/php') in /app/artisan:10
Stack trace:
#0 {main}
  thrown in /app/artisan on line 10
PHP Warning:  require(/app/vendor/autoload.php): Failed to open stream: No such file or directory in /app/artisan on line 10

Warning: require(/app/vendor/autoload.php): Failed to open stream: No such file or directory in /app/artisan on line 10
PHP Fatal error:  Uncaught Error: Failed opening required '/app/vendor/autoload.php' (include_path='.:/usr/local/lib/php') in /app/artisan:10
Stack trace:
#0 {main}
  thrown in /app/artisan on line 10

Fatal error: Uncaught Error: Failed opening required '/app/vendor/autoload.php' (include_path='.:/usr/local/lib/php') in /app/artisan:10
Stack trace:
#0 {main}
  thrown in /app/artisan on line 10
PHP Warning:  require(/app/vendor/autoload.php): Failed to open stream: No such file or directory in /app/artisan on line 10

Warning: require(/app/vendor/autoload.php): Failed to open stream: No such file or directory in /app/artisan on line 10
PHP Fatal error:  Uncaught Error: Failed opening required '/app/vendor/autoload.php' (include_path='.:/usr/local/lib/php') in /app/artisan:10
Stack trace:
#0 {main}
  thrown in /app/artisan on line 10

Fatal error: Uncaught Error: Failed opening required '/app/vendor/autoload.php' (include_path='.:/usr/local/lib/php') in /app/artisan:10
Stack trace:
#0 {main}
  thrown in /app/artisan on line 10
PHP Warning:  require(/app/vendor/autoload.php): Failed to open stream: No such file or directory in /app/artisan on line 10

Warning: require(/app/vendor/autoload.php): Failed to open stream: No such file or directory in /app/artisan on line 10
PHP Fatal error:  Uncaught Error: Failed opening required '/app/vendor/autoload.php' (include_path='.:/usr/local/lib/php') in /app/artisan:10
Stack trace:
#0 {main}
  thrown in /app/artisan on line 10

Fatal error: Uncaught Error: Failed opening required '/app/vendor/autoload.php' (include_path='.:/usr/local/lib/php') in /app/artisan:10
Stack trace:
#0 {main}
  thrown in /app/artisan on line 10

   Illuminate\Database\QueryException 

  SQLSTATE[HY000] [2002] Connection refused (Connection: mysql, SQL: select * from `cache` where `key` in (laravel_cache_illuminate:queue:restart))

  at vendor/laravel/framework/src/Illuminate/Database/Connection.php:822
    818▕                     $this->getName(), $query, $this->prepareBindings($bindings), $e
    819▕                 );
    820▕             }
    821▕ 
  ➜ 822▕             throw new QueryException(
    823▕                 $this->getName(), $query, $this->prepareBindings($bindings), $e
    824▕             );
    825▕         }
    826▕     }

      [2m+42 vendor frames [22m

  43  artisan:16
      Illuminate\Foundation\Application::handleCommand(Object(Symfony\Component\Console\Input\ArgvInput))


   Illuminate\Database\QueryException 

  SQLSTATE[HY000] [2002] Connection refused (Connection: mysql, SQL: select * from `cache` where `key` in (laravel_cache_illuminate:queue:restart))

  at vendor/laravel/framework/src/Illuminate/Database/Connection.php:822
    818▕                     $this->getName(), $query, $this->prepareBindings($bindings), $e
    819▕                 );
    820▕             }
    821▕ 
  ➜ 822▕             throw new QueryException(
    823▕                 $this->getName(), $query, $this->prepareBindings($bindings), $e
    824▕             );
    825▕         }
    826▕     }

      [2m+40 vendor frames [22m

  41  artisan:16
      Illuminate\Foundation\Application::handleCommand(Object(Symfony\Component\Console\Input\ArgvInput))


   Illuminate\Database\QueryException 

  SQLSTATE[HY000] [2002] Connection refused (Connection: mysql, SQL: select * from `cache` where `key` in (laravel_cache_illuminate:queue:restart))

  at vendor/laravel/framework/src/Illuminate/Database/Connection.php:822
    818▕                     $this->getName(), $query, $this->prepareBindings($bindings), $e
    819▕                 );
    820▕             }
    821▕ 
  ➜ 822▕             throw new QueryException(
    823▕                 $this->getName(), $query, $this->prepareBindings($bindings), $e
    824▕             );
    825▕         }
    826▕     }

      [2m+40 vendor frames [22m

  41  artisan:16
      Illuminate\Foundation\Application::handleCommand(Object(Symfony\Component\Console\Input\ArgvInput))


   Illuminate\Database\QueryException 

  SQLSTATE[HY000] [2002] php_network_getaddresses: getaddrinfo for db failed: Temporary failure in name resolution (Connection: mysql, SQL: select * from `cache` where `key` in (laravel_cache_illuminate:queue:restart))

  at vendor/laravel/framework/src/Illuminate/Database/Connection.php:822
    818▕                     $this->getName(), $query, $this->prepareBindings($bindings), $e
    819▕                 );
    820▕             }
    821▕ 
  ➜ 822▕             throw new QueryException(
    823▕                 $this->getName(), $query, $this->prepareBindings($bindings), $e
    824▕             );
    825▕         }
    826▕     }

      [2m+40 vendor frames [22m

  41  artisan:16
      Illuminate\Foundation\Application::handleCommand(Object(Symfony\Component\Console\Input\ArgvInput))


   Illuminate\Database\QueryException 

  SQLSTATE[HY000] [2002] php_network_getaddresses: getaddrinfo for db failed: Temporary failure in name resolution (Connection: mysql, SQL: select * from `cache` where `key` in (laravel_cache_illuminate:queue:restart))

  at vendor/laravel/framework/src/Illuminate/Database/Connection.php:822
    818▕                     $this->getName(), $query, $this->prepareBindings($bindings), $e
    819▕                 );
    820▕             }
    821▕ 
  ➜ 822▕             throw new QueryException(
    823▕                 $this->getName(), $query, $this->prepareBindings($bindings), $e
    824▕             );
    825▕         }
    826▕     }

      [2m+40 vendor frames [22m

  41  artisan:16
      Illuminate\Foundation\Application::handleCommand(Object(Symfony\Component\Console\Input\ArgvInput))


   Illuminate\Database\QueryException 

  SQLSTATE[HY000] [2002] Connection refused (Connection: mysql, SQL: select * from `cache` where `key` in (laravel_cache_illuminate:queue:restart))

  at vendor/laravel/framework/src/Illuminate/Database/Connection.php:822
    818▕                     $this->getName(), $query, $this->prepareBindings($bindings), $e
    819▕                 );
    820▕             }
    821▕ 
  ➜ 822▕             throw new QueryException(
    823▕                 $this->getName(), $query, $this->prepareBindings($bindings), $e
    824▕             );
    825▕         }
    826▕     }

      [2m+42 vendor frames [22m

  43  artisan:16
      Illuminate\Foundation\Application::handleCommand(Object(Symfony\Component\Console\Input\ArgvInput))


   Illuminate\Database\QueryException 

  SQLSTATE[HY000] [2002] Connection refused (Connection: mysql, SQL: select * from `cache` where `key` in (laravel_cache_illuminate:queue:restart))

  at vendor/laravel/framework/src/Illuminate/Database/Connection.php:822
    818▕                     $this->getName(), $query, $this->prepareBindings($bindings), $e
    819▕                 );
    820▕             }
    821▕ 
  ➜ 822▕             throw new QueryException(
    823▕                 $this->getName(), $query, $this->prepareBindings($bindings), $e
    824▕             );
    825▕         }
    826▕     }

      [2m+40 vendor frames [22m

  41  artisan:16
      Illuminate\Foundation\Application::handleCommand(Object(Symfony\Component\Console\Input\ArgvInput))


   Illuminate\Database\QueryException 

  SQLSTATE[HY000] [2002] Connection refused (Connection: mysql, SQL: select * from `cache` where `key` in (laravel_cache_illuminate:queue:restart))

  at vendor/laravel/framework/src/Illuminate/Database/Connection.php:822
    818▕                     $this->getName(), $query, $this->prepareBindings($bindings), $e
    819▕                 );
    820▕             }
    821▕ 
  ➜ 822▕             throw new QueryException(
    823▕                 $this->getName(), $query, $this->prepareBindings($bindings), $e
    824▕             );
    825▕         }
    826▕     }

      [2m+40 vendor frames [22m

  41  artisan:16
      Illuminate\Foundation\Application::handleCommand(Object(Symfony\Component\Console\Input\ArgvInput))


   Illuminate\Database\QueryException 

  SQLSTATE[HY000] [2002] php_network_getaddresses: getaddrinfo for db failed: Temporary failure in name resolution (Connection: mysql, SQL: select * from `cache` where `key` in (laravel_cache_illuminate:queue:restart))

  at vendor/laravel/framework/src/Illuminate/Database/Connection.php:822
    818▕                     $this->getName(), $query, $this->prepareBindings($bindings), $e
    819▕                 );
    820▕             }
    821▕ 
  ➜ 822▕             throw new QueryException(
    823▕                 $this->getName(), $query, $this->prepareBindings($bindings), $e
    824▕             );
    825▕         }
    826▕     }

      [2m+40 vendor frames [22m

  41  artisan:16
      Illuminate\Foundation\Application::handleCommand(Object(Symfony\Component\Console\Input\ArgvInput))


   Illuminate\Database\QueryException 

  SQLSTATE[HY000] [2002] php_network_getaddresses: getaddrinfo for db failed: Temporary failure in name resolution (Connection: mysql, SQL: select * from `cache` where `key` in (laravel_cache_illuminate:queue:restart))

  at vendor/laravel/framework/src/Illuminate/Database/Connection.php:822
    818▕                     $this->getName(), $query, $this->prepareBindings($bindings), $e
    819▕                 );
    820▕             }
    821▕ 
  ➜ 822▕             throw new QueryException(
    823▕                 $this->getName(), $query, $this->prepareBindings($bindings), $e
    824▕             );
    825▕         }
    826▕     }

      [2m+40 vendor frames [22m

  41  artisan:16
      Illuminate\Foundation\Application::handleCommand(Object(Symfony\Component\Console\Input\ArgvInput))


   Illuminate\Database\QueryException 

  SQLSTATE[HY000] [2002] php_network_getaddresses: getaddrinfo for db failed: Temporary failure in name resolution (Connection: mysql, SQL: select * from `cache` where `key` in (laravel_cache_illuminate:queue:restart))

  at vendor/laravel/framework/src/Illuminate/Database/Connection.php:822
    818▕                     $this->getName(), $query, $this->prepareBindings($bindings), $e
    819▕                 );
    820▕             }
    821▕ 
  ➜ 822▕             throw new QueryException(
    823▕                 $this->getName(), $query, $this->prepareBindings($bindings), $e
    824▕             );
    825▕         }
    826▕     }

      [2m+42 vendor frames [22m

  43  artisan:16
      Illuminate\Foundation\Application::handleCommand(Object(Symfony\Component\Console\Input\ArgvInput))


   Illuminate\Database\QueryException 

  SQLSTATE[HY000] [2002] php_network_getaddresses: getaddrinfo for db failed: Temporary failure in name resolution (Connection: mysql, SQL: select * from `cache` where `key` in (laravel_cache_illuminate:queue:restart))

  at vendor/laravel/framework/src/Illuminate/Database/Connection.php:822
    818▕                     $this->getName(), $query, $this->prepareBindings($bindings), $e
    819▕                 );
    820▕             }
    821▕ 
  ➜ 822▕             throw new QueryException(
    823▕                 $this->getName(), $query, $this->prepareBindings($bindings), $e
    824▕             );
    825▕         }
    826▕     }

      [2m+40 vendor frames [22m

  41  artisan:16
      Illuminate\Foundation\Application::handleCommand(Object(Symfony\Component\Console\Input\ArgvInput))


   Illuminate\Database\QueryException 

  SQLSTATE[HY000] [2002] php_network_getaddresses: getaddrinfo for db failed: Temporary failure in name resolution (Connection: mysql, SQL: select * from `cache` where `key` in (laravel_cache_illuminate:queue:restart))

  at vendor/laravel/framework/src/Illuminate/Database/Connection.php:822
    818▕                     $this->getName(), $query, $this->prepareBindings($bindings), $e
    819▕                 );
    820▕             }
    821▕ 
  ➜ 822▕             throw new QueryException(
    823▕                 $this->getName(), $query, $this->prepareBindings($bindings), $e
    824▕             );
    825▕         }
    826▕     }

      [2m+40 vendor frames [22m

  41  artisan:16
      Illuminate\Foundation\Application::handleCommand(Object(Symfony\Component\Console\Input\ArgvInput))


   Illuminate\Database\QueryException 

  SQLSTATE[HY000] [2002] php_network_getaddresses: getaddrinfo for db failed: Temporary failure in name resolution (Connection: mysql, SQL: select * from `cache` where `key` in (laravel_cache_illuminate:queue:restart))

  at vendor/laravel/framework/src/Illuminate/Database/Connection.php:822
    818▕                     $this->getName(), $query, $this->prepareBindings($bindings), $e
    819▕                 );
    820▕             }
    821▕ 
  ➜ 822▕             throw new QueryException(
    823▕                 $this->getName(), $query, $this->prepareBindings($bindings), $e
    824▕             );
    825▕         }
    826▕     }

      [2m+40 vendor frames [22m

  41  artisan:16
      Illuminate\Foundation\Application::handleCommand(Object(Symfony\Component\Console\Input\ArgvInput))

